DEBUG:2013- 7-29  2:10:31.8636 3031516000  /hello
DEBUG:2013- 7-29  2:10:34.9738 995302500  /hello
DEBUG:2013- 7-29  2:14:32.8154 3031545700  [gid:736466736466] /hello
DEBUG:2013- 7-29  2:14:33.9974 995348400  [gid:736466736466] /hello
DEBUG:2013- 7-29  2:15:23.252 3031542200  [gid:736466736466] /hello
DEBUG:2013- 7-29  2:15:24.132 995358500  [gid:736466736466] /hello
DEBUG:2013- 7-29  2:15:59.132365 3031541700  [gid:736466736466] /hello
DEBUG:2013- 7-29  2:16: 0.101421 995345000  [gid:736466736466] /hello
TRACE:2013- 7-31  0:13: 7.980800 3159113500  [gid:736466736466] hapgo.filter.init end cost 0ms
TRACE:2013- 7-31  0:13:12.948323 1051967800  [gid:736466736466] hapgo.filter.init end cost 0ms
TRACE:2013- 7-31  0:51: 8.403064 3158785800  [gid:736466736466] hapgo.filter.init end cost 0ms
TRACE:2013- 7-31  0:51: 9.982817 1052103500  [gid:736466736466] hapgo.filter.init end cost 0ms
TRACE:2013- 7-31  0:52:18.442559 3158835000  [gid:736466736466] hapgo.filter.init end cost 0ms
TRACE:2013- 7-31  0:52:20.259708 1052102900  [gid:736466736466] hapgo.filter.init end cost 0ms
TRACE:2013- 7-31  2: 9:29.291820 3158732400  [gid:736466736466] hapgo.filter.init end cost 0ms
TRACE:2013- 7-31  2: 9:30.106338 1050221300  [gid:736466736466] hapgo.filter.init end cost 0ms
TRACE:2013- 7-31  2:13:10.201945 3158803400  [gid:736466736466] hapgo.filter.init end cost 39nsms
TRACE:2013- 7-31  2:13:11.100749 1050333900  [gid:736466736466] hapgo.filter.init end cost 6nsms
TRACE:2013- 8- 3 21:12:49.698887 3184992600  [gid:736466736466] hapgo.filter.init end cost 19nsms
TRACE:2013- 8- 3 21:13: 3.714835 2549062000  [gid:736466736466] hapgo.filter.init end cost 7nsms
TRACE:2013- 8- 3 21:21:30.117680 3184609700  [gid:736466736466] hapgo.filter.init end cost 20nsms
TRACE:2013- 8- 3 21:21:47.572880 2548681000  [gid:736466736466] hapgo.filter.init end cost 7nsms
TRACE:2013- 8- 3 21:25:39.995984 3184747000  [gid:736466736466] hapgo.filter.init end cost 19nsms
TRACE:2013- 8- 3 21:25:49.378375 2548645400  [gid:736466736466] hapgo.filter.init end cost 5nsms
TRACE:2013- 8- 3 21:25:51.279158 262906700  [gid:736466736466] hapgo.filter.init end cost 4nsms
TRACE:2013- 8- 3 21:26: 8.527988 902233900  [gid:736466736466] hapgo.filter.init end cost 4nsms
TRACE:2013- 8- 3 21:26: 9.906986 4170886400  [gid:736466736466] hapgo.filter.init end cost 4nsms
TRACE:2013- 8- 3 21:26:10.777161 849171900  [gid:736466736466] hapgo.filter.init end cost 4nsms
5452414345:2013/08/03 21:49:21.785 3184536900  [gid:736466736466] hapgo.filter.init end cost 0ms
5452414345:2013/08/03 21:49:40.454 955579200  [gid:736466736466] hapgo.filter.init end cost 0ms
5452414345:2013/08/03 21:49:47.337 3185565000  [gid:736466736466] hapgo.filter.init end cost 30ms
5452414345:2013/08/03 21:49:53.001 955571900  [gid:736466736466] hapgo.filter.init end cost 30ms
5452414345:2013/08/03 22:17:00.686 3184639100  [gid:736466736466] hapgo.filter.init end cost 21μs
5452414345:2013/08/03 22:17:10.306 954935300  [gid:736466736466] hapgo.filter.init end cost 11μs
5452414345:2013/08/03 22:18:19.128 3184635600  [gid:736466736466] hapgo.filter.init end cost 15μs
5452414345:2013/08/03 22:18:19.128 3184635600  [gid:736466736466] hello, [676f]
5452414345:2013/08/03 22:35:18.456 3184614500  [gid:736466736466] hapgo.filter.init end cost 17μs
5452414345:2013/08/03 22:35:18.456 3184614500  [gid:736466736466] hapgo.filter.init end cost 33μs
5452414345:2013/08/03 22:56:25.942 3184599800  [gid:736466736466] hapgo.filter.init end cost 17μs
5452414345:2013/08/03 22:56:25.942 3184599800  [gid:736466736466] hapgo.filter.init end cost 37μs
5452414345:2013/08/03 22:56:34.535 954609000  [gid:736466736466] hapgo.filter.init end cost 10μs
5452414345:2013/08/03 22:56:34.535 954609000  [gid:736466736466] hapgo.filter.init end cost 25μs
5452414345:2013/08/03 22:56:41.721 2543435500  [gid:736466736466] hapgo.filter.init end cost 10μs
5452414345:2013/08/03 22:56:41.721 2543435500  [gid:736466736466] hapgo.filter.init end cost 24μs
5452414345:2013/08/03 22:56:48.209 257678300  [gid:736466736466] hapgo.filter.init end cost 11μs
5452414345:2013/08/03 22:56:48.209 257678300  [gid:736466736466] hapgo.filter.init end cost 26μs
5452414345:2013/08/04 03:51:49.543 3184084200  [gid:736466736466] hapgo.filter.init end cost 16μs
5452414345:2013/08/04 03:51:49.543 3184084200  [gid:736466736466] hapgo.filter.input end cost 16μs
5452414345:2013/08/04 03:51:49.581 3184084200  [gid:736466736466] hapgo.filter.url end cost 10μs
5452414345:2013/08/04 03:51:54.971 949094100  [gid:736466736466] hapgo.filter.init end cost 11μs
5452414345:2013/08/04 03:51:54.971 949094100  [gid:736466736466] hapgo.filter.input end cost 4μs
5452414345:2013/08/04 03:51:54.971 949094100  [gid:736466736466] hapgo.filter.url end cost 2μs
5452414345:2013/08/04 03:52:00.957 2542961100  [gid:736466736466] hapgo.filter.init end cost 11μs
5452414345:2013/08/04 03:52:00.957 2542961100  [gid:736466736466] hapgo.filter.input end cost 4μs
5452414345:2013/08/04 03:52:00.957 2542961100  [gid:736466736466] hapgo.filter.url end cost 2μs
5452414345:2013/08/04 03:54:28.931 258216600  [gid:736466736466] hapgo.filter.init end cost 65μs
5452414345:2013/08/04 03:57:22.466 3184091500  [gid:736466736466] hapgo.filter.init end cost 81μs
5452414345:2013/08/04 03:57:22.466 3184091500  [gid:736466736466] hapgo.filter.input end cost 26μs
5452414345:2013/08/04 03:57:22.466 3184091500  [gid:736466736466] hapgo.filter.url end cost 14μs
5452414345:2013/08/04 03:57:33.252 258242500  [gid:736466736466] hapgo.filter.init end cost 37μs
5452414345:2013/08/04 03:57:33.252 258242500  [gid:736466736466] hapgo.filter.input end cost 13μs
5452414345:2013/08/04 03:57:33.252 258242500  [gid:736466736466] hapgo.filter.url end cost 30μs
5452414345:2013/08/04 03:57:45.731 849996000  [gid:736466736466] hapgo.filter.init end cost 33μs
5452414345:2013/08/04 03:57:45.731 849996000  [gid:736466736466] hapgo.filter.input end cost 11μs
5452414345:2013/08/04 03:57:45.731 849996000  [gid:736466736466] hapgo.filter.url end cost 7μs
5452414345:2013/08/04 03:59:46.462 1085061800  [gid:736466736466] hapgo.filter.init end cost 36μs
5452414345:2013/08/04 03:59:46.462 1085061800  [gid:736466736466] hapgo.filter.input end cost 17μs
5452414345:2013/08/04 03:59:46.462 1085061800  [gid:736466736466] hapgo.filter.url end cost 12μs
5452414345:2013/08/04 04:02:06.515 3184229100  [gid:736466736466] hapgo.filter.init end cost 80μs
5452414345:2013/08/04 04:02:06.516 3184229100  [gid:736466736466] hapgo.filter.input end cost 25μs
5452414345:2013/08/04 04:13:31.907 3184120500  [gid:736466736466] hapgo.filter.init end cost 81μs
5452414345:2013/08/04 04:13:31.908 3184120500  [gid:736466736466] hapgo.filter.input end cost 21μs
5452414345:2013/08/04 04:13:31.908 3184120500  [gid:736466736466] hapgo.filter.url end cost 53μs
5452414345:2013/08/04 04:13:54.576 258234000  [gid:736466736466] hapgo.filter.init end cost 36μs
5452414345:2013/08/04 04:13:54.576 258234000  [gid:736466736466] hapgo.filter.input end cost 13μs
5452414345:2013/08/04 04:13:54.576 258234000  [gid:736466736466] hapgo.filter.url end cost 18μs
5452414345:2013/08/04 04:14:58.206 3184129000  [gid:736466736466] hapgo.filter.init end cost 74μs
5452414345:2013/08/04 04:14:58.206 3184129000  [gid:736466736466] hapgo.filter.input end cost 22μs
5452414345:2013/08/04 04:15:16.029 3184129100  [gid:736466736466] hapgo.filter.init end cost 84μs
5452414345:2013/08/04 04:15:16.029 3184129100  [gid:736466736466] hapgo.filter.input end cost 22μs
5452414345:2013/08/04 04:15:58.164 3184117800  [gid:736466736466] hapgo.filter.init end cost 81μs
5452414345:2013/08/04 04:15:58.164 3184117800  [gid:736466736466] hapgo.filter.input end cost 22μs
5452414345:2013/08/04 04:16:30.682 3184083700  [gid:736466736466] hapgo.filter.init end cost 78μs
5452414345:2013/08/04 04:16:30.682 3184083700  [gid:736466736466] hapgo.filter.input end cost 21μs
5452414345:2013/08/04 04:17:30.269 3184083900  [gid:736466736466] hapgo.filter.init end cost 75μs
5452414345:2013/08/04 04:17:30.269 3184083900  [gid:736466736466] hapgo.filter.input end cost 21μs
5452414345:2013/08/04 04:18:07.658 3184048500  [gid:736466736466] hapgo.filter.init end cost 77μs
5452414345:2013/08/04 04:18:07.658 3184048500  [gid:736466736466] hapgo.filter.input end cost 20μs
5452414345:2013/08/04 10:58:15.051 3162472300  [gid:736466736466] hapgo.filter.init end cost 83μs
5452414345:2013/08/04 10:58:15.051 3162472300  [gid:736466736466] hapgo.filter.input end cost 23μs
5452414345:2013/08/04 10:59:01.584 3162445000  [gid:736466736466] hapgo.filter.init end cost 83μs
5452414345:2013/08/04 10:59:01.584 3162445000  [gid:736466736466] hapgo.filter.input end cost 23μs
5452414345:2013/08/04 11:00:30.333 3162442400  [gid:736466736466] hapgo.filter.init end cost 108μs
5452414345:2013/08/04 11:00:30.333 3162442400  [gid:736466736466] hapgo.filter.input end cost 32μs
5452414345:2013/08/04 11:00:57.049 3162442700  [gid:736466736466] hapgo.filter.init end cost 79μs
5452414345:2013/08/04 11:00:57.049 3162442700  [gid:736466736466] hapgo.filter.input end cost 22μs
5452414345:2013/08/04 11:03:21.833 3162452900  [gid:736466736466] hapgo.filter.init end cost 79μs
5452414345:2013/08/04 11:03:21.833 3162452900  [gid:736466736466] hapgo.filter.input end cost 22μs
5452414345:2013/08/04 11:07:07.316 3158384000  [gid:736466736466] hapgo.filter.init end cost 88μs
5452414345:2013/08/04 11:07:07.316 3158384000  [gid:736466736466] hapgo.filter.input end cost 23μs
5452414345:2013/08/04 11:08:45.977 3158435800  [gid:736466736466] hapgo.filter.init end cost 80μs
5452414345:2013/08/04 11:08:45.977 3158435800  [gid:736466736466] hapgo.filter.input end cost 21μs
5452414345:2013/08/04 11:11:01.158 3158432900  [gid:736466736466] hapgo.filter.init end cost 65μs
5452414345:2013/08/04 11:11:01.158 3158432900  [gid:736466736466] hapgo.filter.input end cost 18μs
5452414345:2013/08/04 11:11:01.158 3158432900  [gid:736466736466] hapgo.filter.url end cost 73μs
5452414345:2013/08/04 11:11:28.363 249629500  [gid:736466736466] hapgo.filter.init end cost 30μs
5452414345:2013/08/04 11:11:28.363 249629500  [gid:736466736466] hapgo.filter.input end cost 11μs
5452414345:2013/08/04 11:11:28.364 249629500  [gid:736466736466] hapgo.filter.url end cost 33μs
5452414345:2013/08/04 11:11:54.203 3158396700  [gid:736466736466] hapgo.filter.init end cost 62μs
5452414345:2013/08/04 11:11:54.203 3158396700  [gid:736466736466] hapgo.filter.input end cost 16μs
5452414345:2013/08/04 11:13:32.605 3158362000  [gid:736466736466] hapgo.filter.init end cost 64μs
5452414345:2013/08/04 11:13:32.606 3158362000  [gid:736466736466] hapgo.filter.input end cost 16μs
5452414345:2013/08/04 11:15:29.942 3158526200  [gid:736466736466] hapgo.filter.init end cost 79μs
5452414345:2013/08/04 11:15:29.942 3158526200  [gid:736466736466] hapgo.filter.input end cost 23μs
5452414345:2013/08/04 11:16:01.107 3158367300  [gid:736466736466] hapgo.filter.init end cost 80μs
5452414345:2013/08/04 11:16:01.107 3158367300  [gid:736466736466] hapgo.filter.input end cost 24μs
5452414345:2013/08/04 11:21:19.598 3158549900  [gid:736466736466] hapgo.filter.init end cost 108μs
5452414345:2013/08/04 11:21:19.599 3158549900  [gid:736466736466] hapgo.filter.input end cost 35μs
5452414345:2013/08/04 11:21:19.599 3158549900  [gid:736466736466] hapgo.filter.url end cost 64μs
5452414345:2013/08/04 11:32:01.773 249646700  [gid:736466736466] hapgo.filter.init end cost 43μs
5452414345:2013/08/04 11:32:01.773 249646700  [gid:736466736466] hapgo.filter.input end cost 17μs
5452414345:2013/08/04 11:32:01.773 249646700  [gid:736466736466] hapgo.filter.url end cost 37μs
5452414345:2013/08/04 11:32:09.482 863434600  [gid:736466736466] hapgo.filter.init end cost 34μs
5452414345:2013/08/04 11:32:09.482 863434600  [gid:736466736466] hapgo.filter.input end cost 3μs
5452414345:2013/08/04 11:32:09.482 863434600  [gid:736466736466] hapgo.filter.url end cost 2μs
5452414345:2013/08/04 11:32:15.524 822179300  [gid:736466736466] hapgo.filter.init end cost 39μs
5452414345:2013/08/04 11:32:15.524 822179300  [gid:736466736466] hapgo.filter.input end cost 4μs
5452414345:2013/08/04 11:32:15.524 822179300  [gid:736466736466] hapgo.filter.url end cost 3μs
5452414345:2013/08/04 11:32:32.266 129632000  [gid:736466736466] hapgo.filter.init end cost 19μs
5452414345:2013/08/04 11:32:32.266 129632000  [gid:736466736466] hapgo.filter.input end cost 3μs
5452414345:2013/08/04 11:32:32.266 129632000  [gid:736466736466] hapgo.filter.url end cost 2μs
5452414345:2013/08/04 11:32:37.476 426266100  [gid:736466736466] hapgo.filter.init end cost 11μs
5452414345:2013/08/04 11:32:37.476 426266100  [gid:736466736466] hapgo.filter.input end cost 3μs
5452414345:2013/08/04 11:32:37.476 426266100  [gid:736466736466] hapgo.filter.url end cost 2μs
5452414345:2013/08/04 11:43:12.583 3198886800  [gid:736466736466] hapgo.filter.init end cost 35μs
5452414345:2013/08/04 11:43:12.583 3198886800  [gid:736466736466] hapgo.filter.input end cost 6μs
5452414345:2013/08/04 12:04:30.683 3158366500  [gid:736466736466] hapgo.filter.init end cost 86μs
5452414345:2013/08/04 12:04:30.683 3158366500  [gid:736466736466] hapgo.filter.input end cost 16μs
5452414345:2013/08/04 12:04:30.683 3158366500  [gid:736466736466] hapgo.filter.url end cost 55μs
5452414345:2013/08/04 12:04:35.908 249735400  [gid:736466736466] hapgo.filter.init end cost 39μs
5452414345:2013/08/04 12:04:35.908 249735400  [gid:736466736466] hapgo.filter.input end cost 12μs
5452414345:2013/08/04 12:04:35.908 249735400  [gid:736466736466] hapgo.filter.url end cost 27μs
5452414345:2013/08/04 12:05:03.223 863209500  [gid:736466736466] hapgo.filter.init end cost 37μs
5452414345:2013/08/04 12:05:03.223 863209500  [gid:736466736466] hapgo.filter.input end cost 27μs
5452414345:2013/08/04 13:02:20.702 3158748400  [gid:736466736466] hapgo.filter.init end cost 109μs
5452414345:2013/08/04 13:02:20.702 3158748400  [gid:736466736466] hapgo.filter.input end cost 30μs
5452414345:2013/08/04 15:06:43.337 3159216800  [gid:736466736466] hapgo.filter.init end cost 61μs
5452414345:2013/08/04 15:06:43.338 3159216800  [gid:736466736466] hapgo.filter.input end cost 18μs
5452414345:2013/08/04 15:23:41.03 3158576800  [gid:736466736466] hapgo.filter.init end cost 27μs
5452414345:2013/08/04 15:23:41.03 3158576800  [gid:736466736466] hapgo.filter.input end cost 5μs
5452414345:2013/08/04 15:23:41.031 3158576800  [gid:736466736466] hapgo.filter.url end cost 3μs
5452414345:2013/08/04 15:23:45.54 970637800  [gid:736466736466] hapgo.filter.init end cost 10μs
5452414345:2013/08/04 15:23:45.54 970637800  [gid:736466736466] hapgo.filter.input end cost 3μs
5452414345:2013/08/04 15:23:45.54 970637800  [gid:736466736466] hapgo.filter.url end cost 3μs
5452414345:2013/08/04 15:24:42.489 3158602900  [gid:736466736466] hapgo.filter.init end cost 38μs
5452414345:2013/08/04 15:24:42.489 3158602900  [gid:736466736466] hapgo.filter.input end cost 9μs
4445425547:2013/08/04 15:24:42.489 3158602900  [gid:736466736466] [_asdsf]
5452414345:2013/08/04 15:24:42.489 3158602900  [gid:736466736466] hapgo.filter.url end cost 33μs
5452414345:2013/08/04 15:25:20.706 3158585500  [gid:736466736466] hapgo.filter.init end cost 28μs
5452414345:2013/08/04 15:25:20.706 3158585500  [gid:736466736466] hapgo.filter.input end cost 6μs
4445425547:2013/08/04 15:25:20.706 3158585500  [gid:736466736466] 
5452414345:2013/08/04 15:25:20.707 3158585500  [gid:736466736466] hapgo.filter.url end cost 18μs
5452414345:2013/08/04 15:25:40.817 3158578400  [gid:736466736466] hapgo.filter.init end cost 26μs
5452414345:2013/08/04 15:25:40.817 3158578400  [gid:736466736466] hapgo.filter.input end cost 5μs
4445425547:2013/08/04 15:25:40.817 3158578400  [gid:736466736466] _
5452414345:2013/08/04 15:25:40.817 3158578400  [gid:736466736466] hapgo.filter.url end cost 15μs
5452414345:2013/08/04 15:26:06.667 3158580200  [gid:736466736466] hapgo.filter.init end cost 27μs
5452414345:2013/08/04 15:26:06.667 3158580200  [gid:736466736466] hapgo.filter.input end cost 6μs
4445425547:2013/08/04 15:26:06.667 3158580200  [gid:736466736466] _
5452414345:2013/08/04 15:26:26.21 970595000  [gid:736466736466] hapgo.filter.init end cost 11μs
5452414345:2013/08/04 15:26:26.21 970595000  [gid:736466736466] hapgo.filter.input end cost 3μs
4445425547:2013/08/04 15:26:26.21 970595000  [gid:736466736466] _
5452414345:2013/08/04 15:48:36.197 3158673300  [gid:736466736466] hapgo.filter.init end cost 18μs
5452414345:2013/08/04 15:48:36.197 3158673300  [gid:736466736466] hapgo.filter.input end cost 7μs
4445425547:2013/08/04 15:48:36.197 3158673300  [gid:736466736466] a
5452414345:2013/08/04 15:48:36.197 3158673300  [gid:736466736466] hapgo.filter.url end cost 15μs
5452414345:2013/08/04 15:48:40.308 970737800  [gid:736466736466] hapgo.filter.init end cost 11μs
5452414345:2013/08/04 15:48:40.308 970737800  [gid:736466736466] hapgo.filter.input end cost 6μs
4445425547:2013/08/04 15:48:40.308 970737800  [gid:736466736466] a
5452414345:2013/08/04 15:48:40.309 970737800  [gid:736466736466] hapgo.filter.url end cost 13μs
5452414345:2013/08/04 15:48:44.458 2532963700  [gid:736466736466] hapgo.filter.init end cost 11μs
5452414345:2013/08/04 15:48:44.458 2532963700  [gid:736466736466] hapgo.filter.input end cost 3μs
4445425547:2013/08/04 15:48:44.458 2532963700  [gid:736466736466] _
464154414c:2013/08/04 15:48:44.458 2532963700  [gid:736466736466] hapgo.webappFatal:hapgo.u_notfound
5452414345:2013/08/04 15:49:17.046 3158671800  [gid:736466736466] hapgo.filter.init end cost 19μs
5452414345:2013/08/04 15:49:17.046 3158671800  [gid:736466736466] hapgo.filter.input end cost 7μs
4445425547:2013/08/04 15:49:17.046 3158671800  [gid:736466736466] _
464154414c:2013/08/04 15:49:17.046 3158671800  [gid:736466736466] hapgo.webappFatal:hapgo.u_notfound
5452414345:2013/08/04 15:49:57.843 3158620800  [gid:736466736466] hapgo.filter.init end cost 19μs
5452414345:2013/08/04 15:49:57.844 3158620800  [gid:736466736466] hapgo.filter.input end cost 7μs
4445425547:2013/08/04 15:49:57.844 3158620800  [gid:736466736466] _
464154414c:2013/08/04 15:49:57.844 3158620800  [gid:736466736466] hapgo.webappFatal:hapgo.u_notfound
5452414345:2013/08/04 15:50:26.46 3158620700  [gid:736466736466] hapgo.filter.init end cost 19μs
5452414345:2013/08/04 15:50:26.461 3158620700  [gid:736466736466] hapgo.filter.input end cost 7μs
4445425547:2013/08/04 15:50:26.461 3158620700  [gid:736466736466] _
464154414c:2013/08/04 15:50:26.461 3158620700  [gid:736466736466] hapgo.webappFatal:hapgo.u_notfound
5452414345:2013/08/04 15:50:58.091 3158619800  [gid:736466736466] hapgo.filter.init end cost 19μs
5452414345:2013/08/04 15:50:58.091 3158619800  [gid:736466736466] hapgo.filter.input end cost 7μs
4445425547:2013/08/04 15:50:58.091 3158619800  [gid:736466736466] _
464154414c:2013/08/04 15:50:58.091 3158619800  [gid:736466736466] hapgo.webappFatal:hapgo.u_notfound
5452414345:2013/08/04 15:54:19.871 3166412800  [gid:736466736466] hapgo.filter.init end cost 24μs
5452414345:2013/08/04 15:54:19.871 3166412800  [gid:736466736466] hapgo.filter.input end cost 15μs
4445425547:2013/08/04 15:54:19.871 3166412800  [gid:736466736466] _
464154414c:2013/08/04 15:54:19.871 3166412800  [gid:736466736466] hapgo.webappFatal:hapgo.u_notfound
4445425547:2013/08/04 15:54:19.871 3166412800  [gid:736466736466] map[hapgo.u_notfound:/404.html hapgo.u_error:/50x.html hapgo.u_login:/account/login/?u=%s hapgo.u_power:/power.html]
4445425547:2013/08/04 15:54:19.871 3166412800  [gid:736466736466] /404.html
5452414345:2013/08/04 15:54:35.897 970743500  [gid:736466736466] hapgo.filter.init end cost 67μs
5452414345:2013/08/04 15:54:35.897 970743500  [gid:736466736466] hapgo.filter.input end cost 31μs
464154414c:2013/08/04 15:54:35.897 970743500  [gid:736466736466] hapgo.webappFatal:hapn.u_input csrf param is not defined
4445425547:2013/08/04 15:54:35.897 970743500  [gid:736466736466] map[hapgo.u_notfound:/404.html hapgo.u_error:/50x.html hapgo.u_login:/account/login/?u=%s hapgo.u_power:/power.html]
5452414345:2013/08/04 15:54:50.874 250402400  [gid:736466736466] hapgo.filter.init end cost 36μs
5452414345:2013/08/04 15:54:50.874 250402400  [gid:736466736466] hapgo.filter.input end cost 3μs
4445425547:2013/08/04 15:54:50.875 250402400  [gid:736466736466] _
464154414c:2013/08/04 15:54:50.875 250402400  [gid:736466736466] hapgo.webappFatal:hapgo.u_notfound
4445425547:2013/08/04 15:54:50.875 250402400  [gid:736466736466] map[hapgo.u_notfound:/404.html hapgo.u_error:/50x.html hapgo.u_login:/account/login/?u=%s hapgo.u_power:/power.html]
4445425547:2013/08/04 15:54:50.875 250402400  [gid:736466736466] /404.html
5452414345:2013/08/04 15:55:58.854 3166435300  [gid:736466736466] hapgo.filter.init end cost 100μs
5452414345:2013/08/04 15:55:58.854 3166435300  [gid:736466736466] hapgo.filter.input end cost 10μs
4445425547:2013/08/04 15:55:58.854 3166435300  [gid:736466736466] _
464154414c:2013/08/04 15:55:58.854 3166435300  [gid:736466736466] hapgo.webappFatal:hapgo.u_notfound
5452414345:2013/08/04 15:56:10.229 3166415900  [gid:736466736466] hapgo.filter.init end cost 79μs
5452414345:2013/08/04 15:56:10.229 3166415900  [gid:736466736466] hapgo.filter.input end cost 8μs
4445425547:2013/08/04 15:56:10.23 3166415900  [gid:736466736466] _
464154414c:2013/08/04 15:56:10.23 3166415900  [gid:736466736466] hapgo.webappFatal:hapgo.u_notfound
5452414345:2013/08/04 15:56:18.35 2532865100  [gid:736466736466] hapgo.filter.init end cost 22μs
5452414345:2013/08/04 15:56:18.351 2532865100  [gid:736466736466] hapgo.filter.input end cost 4μs
4445425547:2013/08/04 15:56:18.351 2532865100  [gid:736466736466] _
464154414c:2013/08/04 15:56:18.351 2532865100  [gid:736466736466] hapgo.webappFatal:hapgo.u_notfound
5452414345:2013/08/04 15:56:20.513 250412000  [gid:736466736466] hapgo.filter.init end cost 16μs
5452414345:2013/08/04 15:56:20.513 250412000  [gid:736466736466] hapgo.filter.input end cost 6μs
4445425547:2013/08/04 15:56:20.513 250412000  [gid:736466736466] _
464154414c:2013/08/04 15:56:20.513 250412000  [gid:736466736466] hapgo.webappFatal:hapgo.u_notfound
5452414345:2013/08/04 18:47:11.8 3168276700  [gid:736466736466] hapgo.filter.init end cost 20μs
5452414345:2013/08/04 18:47:11.8 3168276700  [gid:736466736466] hapgo.filter.input end cost 7μs
464154414c:2013/08/04 18:47:11.838 3168276700  [gid:736466736466] hapgo.webappFatal:hapgo.u_notfound
5452414345:2013/08/04 18:47:18.205 944643900  [gid:736466736466] hapgo.filter.init end cost 15μs
5452414345:2013/08/04 18:47:18.205 944643900  [gid:736466736466] hapgo.filter.input end cost 5μs
5452414345:2013/08/04 18:47:18.205 944643900  [gid:736466736466] hapgo.filter.url end cost 4μs
5452414345:2013/08/04 18:49:47.039 2526249500  [gid:736466736466] hapgo.filter.init end cost 11μs
5452414345:2013/08/04 18:49:47.039 2526249500  [gid:736466736466] hapgo.filter.input end cost 3μs
5452414345:2013/08/04 18:49:47.039 2526249500  [gid:736466736466] hapgo.filter.url end cost 3μs
5452414345:2013/08/04 18:49:47.084 246301800  [gid:736466736466] hapgo.filter.init end cost 12μs
5452414345:2013/08/04 18:49:47.084 246301800  [gid:736466736466] hapgo.filter.input end cost 5μs
5452414345:2013/08/04 18:49:47.084 246301800  [gid:736466736466] hapgo.filter.url end cost 3μs
5452414345:2013/08/04 18:49:47.085 876595300  [gid:736466736466] hapgo.filter.init end cost 6μs
5452414345:2013/08/04 18:49:47.085 876595300  [gid:736466736466] hapgo.filter.input end cost 2μs
5452414345:2013/09/03 23:38:55.353 3636165700  [tid:3735356135376166346265343163666365616566663964626266383333366163] hapgo.filter.init end cost 1000μs
5452414345:2013/09/03 23:38:55.362 3636165700  [tid:3735356135376166346265343163666365616566663964626266383333366163] hapgo.filter.input end cost 0μs
464154414c:2013/09/03 23:38:55.362 3636165700  [tid:3735356135376166346265343163666365616566663964626266383333366163] hapgo.webappFatal:runtime error: index out of range
5452414345:2013/09/03 23:38:55.414 2958946000  [tid:3735356135376166346265343163666365616566663964626266383333366163] hapgo.filter.init end cost 0μs
5452414345:2013/09/03 23:38:55.415 2958946000  [tid:3735356135376166346265343163666365616566663964626266383333366163] hapgo.filter.input end cost 0μs
5452414345:2013/09/03 23:38:55.415 2958946000  [tid:3735356135376166346265343163666365616566663964626266383333366163] hapgo.filter.url end cost 0μs
5452414345:2013/09/03 23:38:55.482 22797600  [tid:3735356135376166346265343163666365616566663964626266383333366163] hapgo.filter.init end cost 0μs
5452414345:2013/09/03 23:38:55.482 22797600  [tid:3735356135376166346265343163666365616566663964626266383333366163] hapgo.filter.input end cost 0μs
5452414345:2013/09/03 23:38:55.482 22797600  [tid:3735356135376166346265343163666365616566663964626266383333366163] hapgo.filter.url end cost 0μs
5452414345:2013/09/03 23:39:06.383 1450388100  [tid:3735356135376166346265343163666365616566663964626266383333366163] hapgo.filter.init end cost 0μs
5452414345:2013/09/03 23:39:06.383 1450388100  [tid:3735356135376166346265343163666365616566663964626266383333366163] hapgo.filter.input end cost 0μs
464154414c:2013/09/03 23:39:06.383 1450388100  [tid:3735356135376166346265343163666365616566663964626266383333366163] hapgo.webappFatal:hapgo.controllerNotFound controllerName=hello
5452414345:2013/09/03 23:39:41.744 43144900  [tid:3735356135376166346265343163666365616566663964626266383333366163] hapgo.filter.init end cost 0μs
5452414345:2013/09/03 23:39:41.744 43144900  [tid:3735356135376166346265343163666365616566663964626266383333366163] hapgo.filter.input end cost 0μs
464154414c:2013/09/03 23:39:41.744 43144900  [tid:3735356135376166346265343163666365616566663964626266383333366163] hapgo.webappFatal:hapgo.controllerNotFound controllerName=default
5452414345:2013/09/03 23:39:45.17 549218400  [tid:3735356135376166346265343163666365616566663964626266383333366163] hapgo.filter.init end cost 0μs
5452414345:2013/09/03 23:39:45.171 549218400  [tid:3735356135376166346265343163666365616566663964626266383333366163] hapgo.filter.input end cost 0μs
464154414c:2013/09/03 23:39:45.171 549218400  [tid:3735356135376166346265343163666365616566663964626266383333366163] hapgo.webappFatal:hapgo.controllerNotFound controllerName=default
5452414345:2013/09/03 23:41:33.501 3636171400  [tid:3735356135376166346265343163666365616566663964626266383333366163] hapgo.filter.init end cost 0μs
5452414345:2013/09/03 23:41:33.502 3636171400  [tid:3735356135376166346265343163666365616566663964626266383333366163] hapgo.filter.input end cost 0μs
5452414345:2013/09/03 23:43:03.136 3636181700  [tid:3735356135376166346265343163666365616566663964626266383333366163] hapgo.filter.init end cost 0μs
5452414345:2013/09/03 23:43:03.138 3636181700  [tid:3735356135376166346265343163666365616566663964626266383333366163] hapgo.filter.input end cost 0μs
464154414c:2013/09/03 23:43:03.138 3636181700  [tid:3735356135376166346265343163666365616566663964626266383333366163] hapgo.webappFatal:hapgo.controllerNotFound controllerName=defaultcontroller
5452414345:2013/09/03 23:43:08.003 1251915200  [tid:3735356135376166346265343163666365616566663964626266383333366163] hapgo.filter.init end cost 0μs
5452414345:2013/09/03 23:43:08.003 1251915200  [tid:3735356135376166346265343163666365616566663964626266383333366163] hapgo.filter.input end cost 0μs
464154414c:2013/09/03 23:43:08.003 1251915200  [tid:3735356135376166346265343163666365616566663964626266383333366163] hapgo.webappFatal:reflect: call of reflect.Value.IsNil on zero Value
5452414345:2013/09/03 23:44:16.641 3636101400  [tid:3735356135376166346265343163666365616566663964626266383333366163] hapgo.filter.init end cost 0μs
5452414345:2013/09/03 23:44:16.643 3636101400  [tid:3735356135376166346265343163666365616566663964626266383333366163] hapgo.filter.input end cost 0μs
5452414345:2013/09/03 23:45:24.335 3636104200  [tid:3735356135376166346265343163666365616566663964626266383333366163] hapgo.filter.init end cost 0μs
5452414345:2013/09/03 23:45:24.337 3636104200  [tid:3735356135376166346265343163666365616566663964626266383333366163] hapgo.filter.input end cost 0μs
5452414345:2013/09/03 23:45:49.502 3636103600  [tid:3735356135376166346265343163666365616566663964626266383333366163] hapgo.filter.init end cost 0μs
5452414345:2013/09/03 23:45:49.503 3636103600  [tid:3735356135376166346265343163666365616566663964626266383333366163] hapgo.filter.input end cost 0μs
5452414345:2013/09/03 23:46:43.226 3636131400  [tid:3735356135376166346265343163666365616566663964626266383333366163] hapgo.filter.init end cost 0μs
5452414345:2013/09/03 23:46:43.229 3636131400  [tid:3735356135376166346265343163666365616566663964626266383333366163] hapgo.filter.input end cost 0μs
5452414345:2013/09/03 23:49:24.825 3636044900  [tid:3735356135376166346265343163666365616566663964626266383333366163] hapgo.filter.init end cost 0μs
5452414345:2013/09/03 23:49:24.826 3636044900  [tid:3735356135376166346265343163666365616566663964626266383333366163] hapgo.filter.input end cost 0μs
5452414345:2013/09/03 23:49:44.542 3636051900  [tid:3735356135376166346265343163666365616566663964626266383333366163] hapgo.filter.init end cost 0μs
5452414345:2013/09/03 23:49:44.543 3636051900  [tid:3735356135376166346265343163666365616566663964626266383333366163] hapgo.filter.input end cost 0μs
464154414c:2013/09/03 23:49:44.543 3636051900  [tid:3735356135376166346265343163666365616566663964626266383333366163] hapgo.webappFatal:reflect: call of reflect.Value.IsNil on zero Value
5452414345:2013/09/03 23:49:53.8 1251154100  [tid:3735356135376166346265343163666365616566663964626266383333366163] hapgo.filter.init end cost 0μs
5452414345:2013/09/03 23:49:53.8 1251154100  [tid:3735356135376166346265343163666365616566663964626266383333366163] hapgo.filter.input end cost 0μs
464154414c:2013/09/03 23:49:53.8 1251154100  [tid:3735356135376166346265343163666365616566663964626266383333366163] hapgo.webappFatal:reflect: call of reflect.Value.IsNil on zero Value
5452414345:2013/09/03 23:50:00.708 3636044600  [tid:3735356135376166346265343163666365616566663964626266383333366163] hapgo.filter.init end cost 0μs
5452414345:2013/09/03 23:50:00.709 3636044600  [tid:3735356135376166346265343163666365616566663964626266383333366163] hapgo.filter.input end cost 0μs
5452414345:2013/09/03 23:52:54.449 3636354000  [tid:3735356135376166346265343163666365616566663964626266383333366163] hapgo.filter.init end cost 0μs
5452414345:2013/09/03 23:52:54.451 3636354000  [tid:3735356135376166346265343163666365616566663964626266383333366163] hapgo.filter.input end cost 0μs
464154414c:2013/09/03 23:52:54.451 3636354000  [tid:3735356135376166346265343163666365616566663964626266383333366163] hapgo.webappFatal:hapgo.methodNotFound methodName=Index
5452414345:2013/09/03 23:53:05.399 1251210200  [tid:3735356135376166346265343163666365616566663964626266383333366163] hapgo.filter.init end cost 0μs
5452414345:2013/09/03 23:53:05.399 1251210200  [tid:3735356135376166346265343163666365616566663964626266383333366163] hapgo.filter.input end cost 0μs
464154414c:2013/09/03 23:53:05.4 1251210200  [tid:3735356135376166346265343163666365616566663964626266383333366163] hapgo.webappFatal:hapgo.methodNotFound methodName=Index
5452414345:2013/09/03 23:53:45.608 3636351200  [tid:3735356135376166346265343163666365616566663964626266383333366163] hapgo.filter.init end cost 0μs
5452414345:2013/09/03 23:53:45.61 3636351200  [tid:3735356135376166346265343163666365616566663964626266383333366163] hapgo.filter.input end cost 0μs
5452414345:2013/09/03 23:54:00.559 3636350900  [tid:3735356135376166346265343163666365616566663964626266383333366163] hapgo.filter.init end cost 0μs
5452414345:2013/09/03 23:54:00.56 3636350900  [tid:3735356135376166346265343163666365616566663964626266383333366163] hapgo.filter.input end cost 0μs
5452414345:2013/09/04 00:04:38.636 3636341500  [tid:3735356135376166346265343163666365616566663964626266383333366163] hapgo.filter.init end cost 0μs
5452414345:2013/09/04 00:04:38.637 3636341500  [tid:3735356135376166346265343163666365616566663964626266383333366163] hapgo.filter.input end cost 0μs
464154414c:2013/09/04 00:04:38.638 3636341500  [tid:3735356135376166346265343163666365616566663964626266383333366163] hapgo.webappFatal:reflect: call of reflect.Value.FieldByName on ptr Value
5452414345:2013/09/04 00:05:04.553 1250999900  [tid:3735356135376166346265343163666365616566663964626266383333366163] hapgo.filter.init end cost 0μs
5452414345:2013/09/04 00:05:04.554 1250999900  [tid:3735356135376166346265343163666365616566663964626266383333366163] hapgo.filter.input end cost 0μs
464154414c:2013/09/04 00:05:04.554 1250999900  [tid:3735356135376166346265343163666365616566663964626266383333366163] hapgo.webappFatal:reflect: call of reflect.Value.FieldByName on ptr Value
5452414345:2013/09/04 00:22:18.064 3636185800  [tid:3735356135376166346265343163666365616566663964626266383333366163] hapgo.filter.init end cost 0μs
5452414345:2013/09/04 00:22:18.066 3636185800  [tid:3735356135376166346265343163666365616566663964626266383333366163] hapgo.filter.input end cost 0μs
5452414345:2013/09/04 00:22:46.56 3636088800  [tid:3735356135376166346265343163666365616566663964626266383333366163] hapgo.filter.init end cost 0μs
5452414345:2013/09/04 00:22:46.561 3636088800  [tid:3735356135376166346265343163666365616566663964626266383333366163] hapgo.filter.input end cost 0μs
5452414345:2013/09/04 00:23:57.095 3636085000  [tid:3735356135376166346265343163666365616566663964626266383333366163] hapgo.filter.init end cost 0μs
5452414345:2013/09/04 00:23:57.096 3636085000  [tid:3735356135376166346265343163666365616566663964626266383333366163] hapgo.filter.input end cost 0μs
5452414345:2013/09/04 00:24:18.814 3636119800  [tid:3735356135376166346265343163666365616566663964626266383333366163] hapgo.filter.init end cost 0μs
5452414345:2013/09/04 00:24:18.815 3636119800  [tid:3735356135376166346265343163666365616566663964626266383333366163] hapgo.filter.input end cost 0μs
5452414345:2013/09/04 00:24:45.834 3636119800  [tid:3735356135376166346265343163666365616566663964626266383333366163] hapgo.filter.init end cost 0μs
5452414345:2013/09/04 00:24:45.836 3636119800  [tid:3735356135376166346265343163666365616566663964626266383333366163] hapgo.filter.input end cost 0μs
5452414345:2013/09/04 00:25:08.114 3636116200  [tid:3735356135376166346265343163666365616566663964626266383333366163] hapgo.filter.init end cost 0μs
5452414345:2013/09/04 00:25:08.116 3636116200  [tid:3735356135376166346265343163666365616566663964626266383333366163] hapgo.filter.input end cost 0μs
5452414345:2013/09/04 00:25:27.697 3636130900  [tid:3735356135376166346265343163666365616566663964626266383333366163] hapgo.filter.init end cost 0μs
5452414345:2013/09/04 00:25:27.698 3636130900  [tid:3735356135376166346265343163666365616566663964626266383333366163] hapgo.filter.input end cost 0μs
5452414345:2013/09/04 00:26:41.367 3636122000  [tid:3735356135376166346265343163666365616566663964626266383333366163] hapgo.filter.init end cost 0μs
5452414345:2013/09/04 00:26:41.369 3636122000  [tid:3735356135376166346265343163666365616566663964626266383333366163] hapgo.filter.input end cost 0μs
5452414345:2013/09/04 00:26:55.737 3636090100  [tid:3735356135376166346265343163666365616566663964626266383333366163] hapgo.filter.init end cost 0μs
5452414345:2013/09/04 00:26:55.738 3636090100  [tid:3735356135376166346265343163666365616566663964626266383333366163] hapgo.filter.input end cost 0μs
5452414345:2013/09/04 00:32:44.272 3635778700  [tid:3735356135376166346265343163666365616566663964626266383333366163] hapgo.filter.init end cost 0μs
5452414345:2013/09/04 00:32:44.274 3635778700  [tid:3735356135376166346265343163666365616566663964626266383333366163] hapgo.filter.input end cost 0μs
5452414345:2013/09/04 00:33:29.406 3635835300  [tid:3735356135376166346265343163666365616566663964626266383333366163] hapgo.filter.init end cost 0μs
5452414345:2013/09/04 00:33:29.408 3635835300  [tid:3735356135376166346265343163666365616566663964626266383333366163] hapgo.filter.input end cost 0μs
5452414345:2013/09/04 00:36:43.081 3635840700  [tid:3735356135376166346265343163666365616566663964626266383333366163] hapgo.filter.init end cost 0μs
5452414345:2013/09/04 00:36:43.083 3635840700  [tid:3735356135376166346265343163666365616566663964626266383333366163] hapgo.filter.input end cost 0μs
5452414345:2013/09/04 00:37:16.855 3635840900  [tid:3735356135376166346265343163666365616566663964626266383333366163] hapgo.filter.init end cost 0μs
5452414345:2013/09/04 00:37:16.856 3635840900  [tid:3735356135376166346265343163666365616566663964626266383333366163] hapgo.filter.input end cost 0μs
5452414345:2013/09/04 00:37:54.529 3635902700  [tid:3735356135376166346265343163666365616566663964626266383333366163] hapgo.filter.init end cost 0μs
5452414345:2013/09/04 00:37:54.53 3635902700  [tid:3735356135376166346265343163666365616566663964626266383333366163] hapgo.filter.input end cost 0μs
5452414345:2013/09/04 00:39:00.511 3635917900  [tid:3735356135376166346265343163666365616566663964626266383333366163] hapgo.filter.init end cost 0μs
5452414345:2013/09/04 00:39:00.512 3635917900  [tid:3735356135376166346265343163666365616566663964626266383333366163] hapgo.filter.input end cost 0μs
5452414345:2013/09/04 00:39:32.16 3635907600  [tid:3735356135376166346265343163666365616566663964626266383333366163] hapgo.filter.init end cost 0μs
5452414345:2013/09/04 00:39:32.161 3635907600  [tid:3735356135376166346265343163666365616566663964626266383333366163] hapgo.filter.input end cost 0μs
5452414345:2013/09/04 00:41:20.152 3635932400  [tid:3735356135376166346265343163666365616566663964626266383333366163] hapgo.filter.init end cost 0μs
5452414345:2013/09/04 00:41:20.154 3635932400  [tid:3735356135376166346265343163666365616566663964626266383333366163] hapgo.filter.input end cost 0μs
5452414345:2013/09/04 00:41:36.927 3635911800  [tid:3735356135376166346265343163666365616566663964626266383333366163] hapgo.filter.init end cost 0μs
5452414345:2013/09/04 00:41:36.928 3635911800  [tid:3735356135376166346265343163666365616566663964626266383333366163] hapgo.filter.input end cost 0μs
5452414345:2013/09/04 00:42:19.593 3635898000  [tid:3735356135376166346265343163666365616566663964626266383333366163] hapgo.filter.init end cost 0μs
5452414345:2013/09/04 00:42:19.594 3635898000  [tid:3735356135376166346265343163666365616566663964626266383333366163] hapgo.filter.input end cost 0μs
5452414345:2013/09/04 00:42:42.584 3635896600  [tid:3735356135376166346265343163666365616566663964626266383333366163] hapgo.filter.init end cost 0μs
5452414345:2013/09/04 00:42:42.585 3635896600  [tid:3735356135376166346265343163666365616566663964626266383333366163] hapgo.filter.input end cost 0μs
5452414345:2013/09/04 00:43:13 3635911900  [tid:3735356135376166346265343163666365616566663964626266383333366163] hapgo.filter.init end cost 0μs
5452414345:2013/09/04 00:43:13.002 3635911900  [tid:3735356135376166346265343163666365616566663964626266383333366163] hapgo.filter.input end cost 0μs
5452414345:2013/09/04 00:43:59.882 3635849300  [tid:3735356135376166346265343163666365616566663964626266383333366163] hapgo.filter.init end cost 0μs
5452414345:2013/09/04 00:43:59.884 3635849300  [tid:3735356135376166346265343163666365616566663964626266383333366163] hapgo.filter.input end cost 1000μs
5452414345:2013/09/04 00:46:11.598 3635859400  [tid:3735356135376166346265343163666365616566663964626266383333366163] hapgo.filter.init end cost 0μs
5452414345:2013/09/04 00:46:11.6 3635859400  [tid:3735356135376166346265343163666365616566663964626266383333366163] hapgo.filter.input end cost 0μs
5452414345:2013/09/04 00:47:44.587 3635771400  [tid:3735356135376166346265343163666365616566663964626266383333366163] hapgo.filter.init end cost 0μs
5452414345:2013/09/04 00:47:44.588 3635771400  [tid:3735356135376166346265343163666365616566663964626266383333366163] hapgo.filter.input end cost 0μs
5452414345:2013/09/04 00:48:06.64 3635758600  [tid:3735356135376166346265343163666365616566663964626266383333366163] hapgo.filter.init end cost 0μs
5452414345:2013/09/04 00:48:06.642 3635758600  [tid:3735356135376166346265343163666365616566663964626266383333366163] hapgo.filter.input end cost 0μs
5452414345:2013/09/04 00:48:27.778 3635757800  [tid:3735356135376166346265343163666365616566663964626266383333366163] hapgo.filter.init end cost 0μs
5452414345:2013/09/04 00:48:27.78 3635757800  [tid:3735356135376166346265343163666365616566663964626266383333366163] hapgo.filter.input end cost 0μs
5452414345:2013/09/04 00:49:45.248 3635790100  [tid:3735356135376166346265343163666365616566663964626266383333366163] hapgo.filter.init end cost 0μs
5452414345:2013/09/04 00:49:45.249 3635790100  [tid:3735356135376166346265343163666365616566663964626266383333366163] hapgo.filter.input end cost 0μs
5452414345:2013/09/04 00:50:36.103 3635791300  [tid:3735356135376166346265343163666365616566663964626266383333366163] hapgo.filter.init end cost 0μs
5452414345:2013/09/04 00:50:36.105 3635791300  [tid:3735356135376166346265343163666365616566663964626266383333366163] hapgo.filter.input end cost 0μs
5452414345:2013/09/04 00:52:09.552 3635764900  [tid:3735356135376166346265343163666365616566663964626266383333366163] hapgo.filter.init end cost 0μs
5452414345:2013/09/04 00:52:09.554 3635764900  [tid:3735356135376166346265343163666365616566663964626266383333366163] hapgo.filter.input end cost 0μs
5452414345:2013/09/04 00:52:47.687 3635770000  [tid:3735356135376166346265343163666365616566663964626266383333366163] hapgo.filter.init end cost 0μs
5452414345:2013/09/04 00:52:47.688 3635770000  [tid:3735356135376166346265343163666365616566663964626266383333366163] hapgo.filter.input end cost 0μs
5452414345:2013/09/04 00:53:54.552 3635755500  [tid:3735356135376166346265343163666365616566663964626266383333366163] hapgo.filter.init end cost 0μs
5452414345:2013/09/04 00:53:54.553 3635755500  [tid:3735356135376166346265343163666365616566663964626266383333366163] hapgo.filter.input end cost 0μs
5452414345:2013/09/04 00:54:23.359 3635755900  [tid:3735356135376166346265343163666365616566663964626266383333366163] hapgo.filter.init end cost 0μs
5452414345:2013/09/04 00:54:23.36 3635755900  [tid:3735356135376166346265343163666365616566663964626266383333366163] hapgo.filter.input end cost 0μs
5452414345:2013/09/04 00:55:56.929 3632997600  [tid:3735356135376166346265343163666365616566663964626266383333366163] hapgo.filter.init end cost 0μs
5452414345:2013/09/04 00:55:56.93 3632997600  [tid:3735356135376166346265343163666365616566663964626266383333366163] hapgo.filter.input end cost 0μs
5452414345:2013/09/04 00:56:29.535 3633004400  [tid:3735356135376166346265343163666365616566663964626266383333366163] hapgo.filter.init end cost 0μs
5452414345:2013/09/04 00:56:29.537 3633004400  [tid:3735356135376166346265343163666365616566663964626266383333366163] hapgo.filter.input end cost 0μs
5452414345:2013/09/04 00:56:48.983 3633014900  [tid:3735356135376166346265343163666365616566663964626266383333366163] hapgo.filter.init end cost 0μs
5452414345:2013/09/04 00:56:48.984 3633014900  [tid:3735356135376166346265343163666365616566663964626266383333366163] hapgo.filter.input end cost 0μs
5452414345:2013/09/04 00:57:23.231 3632999300  [tid:3735356135376166346265343163666365616566663964626266383333366163] hapgo.filter.init end cost 0μs
5452414345:2013/09/04 00:57:23.232 3632999300  [tid:3735356135376166346265343163666365616566663964626266383333366163] hapgo.filter.input end cost 0μs
5452414345:2013/09/04 00:58:20.727 3633000200  [tid:3735356135376166346265343163666365616566663964626266383333366163] hapgo.filter.init end cost 0μs
5452414345:2013/09/04 00:58:20.728 3633000200  [tid:3735356135376166346265343163666365616566663964626266383333366163] hapgo.filter.input end cost 0μs
5452414345:2013/09/04 00:59:25.281 3633000800  [tid:3735356135376166346265343163666365616566663964626266383333366163] hapgo.filter.init end cost 0μs
5452414345:2013/09/04 00:59:25.282 3633000800  [tid:3735356135376166346265343163666365616566663964626266383333366163] hapgo.filter.input end cost 0μs
5452414345:2013/09/04 00:59:48.736 3633052800  [tid:3735356135376166346265343163666365616566663964626266383333366163] hapgo.filter.init end cost 0μs
5452414345:2013/09/04 00:59:48.737 3633052800  [tid:3735356135376166346265343163666365616566663964626266383333366163] hapgo.filter.input end cost 0μs
5452414345:2013/09/04 01:02:10.752 3632988100  [tid:3735356135376166346265343163666365616566663964626266383333366163] hapgo.filter.init end cost 0μs
5452414345:2013/09/04 01:02:10.754 3632988100  [tid:3735356135376166346265343163666365616566663964626266383333366163] hapgo.filter.input end cost 0μs
5452414345:2013/09/04 01:02:34.32 3632990100  [tid:3735356135376166346265343163666365616566663964626266383333366163] hapgo.filter.init end cost 0μs
5452414345:2013/09/04 01:02:34.321 3632990100  [tid:3735356135376166346265343163666365616566663964626266383333366163] hapgo.filter.input end cost 0μs
5452414345:2013/09/04 01:03:03.533 3632989000  [tid:3735356135376166346265343163666365616566663964626266383333366163] hapgo.filter.init end cost 0μs
5452414345:2013/09/04 01:03:03.534 3632989000  [tid:3735356135376166346265343163666365616566663964626266383333366163] hapgo.filter.input end cost 0μs
5452414345:2013/09/04 01:03:21.655 3632991400  [tid:3735356135376166346265343163666365616566663964626266383333366163] hapgo.filter.init end cost 0μs
5452414345:2013/09/04 01:03:21.656 3632991400  [tid:3735356135376166346265343163666365616566663964626266383333366163] hapgo.filter.input end cost 0μs
5452414345:2013/09/04 01:04:00.704 3632991100  [tid:3735356135376166346265343163666365616566663964626266383333366163] hapgo.filter.init end cost 0μs
5452414345:2013/09/04 01:04:00.705 3632991100  [tid:3735356135376166346265343163666365616566663964626266383333366163] hapgo.filter.input end cost 0μs
5452414345:2013/09/04 01:05:24.938 3633131400  [tid:3735356135376166346265343163666365616566663964626266383333366163] hapgo.filter.init end cost 0μs
5452414345:2013/09/04 01:05:24.939 3633131400  [tid:3735356135376166346265343163666365616566663964626266383333366163] hapgo.filter.input end cost 0μs
5452414345:2013/09/04 01:05:47.873 3633134900  [tid:3735356135376166346265343163666365616566663964626266383333366163] hapgo.filter.init end cost 0μs
5452414345:2013/09/04 01:05:47.875 3633134900  [tid:3735356135376166346265343163666365616566663964626266383333366163] hapgo.filter.input end cost 0μs
5452414345:2013/09/04 01:06:57.183 3633135400  [tid:3735356135376166346265343163666365616566663964626266383333366163] hapgo.filter.init end cost 0μs
5452414345:2013/09/04 01:06:57.184 3633135400  [tid:3735356135376166346265343163666365616566663964626266383333366163] hapgo.filter.input end cost 0μs
5452414345:2013/09/04 01:07:29.668 3633150600  [tid:3735356135376166346265343163666365616566663964626266383333366163] hapgo.filter.init end cost 0μs
5452414345:2013/09/04 01:07:29.669 3633150600  [tid:3735356135376166346265343163666365616566663964626266383333366163] hapgo.filter.input end cost 0μs
5452414345:2013/09/04 01:11:25.13 3633174900  [tid:3735356135376166346265343163666365616566663964626266383333366163] hapgo.filter.init end cost 0μs
5452414345:2013/09/04 01:11:25.131 3633174900  [tid:3735356135376166346265343163666365616566663964626266383333366163] hapgo.filter.input end cost 0μs
5452414345:2013/09/04 01:12:20.816 3633148500  [tid:3735356135376166346265343163666365616566663964626266383333366163] hapgo.filter.init end cost 1000μs
5452414345:2013/09/04 01:12:20.817 3633148500  [tid:3735356135376166346265343163666365616566663964626266383333366163] hapgo.filter.input end cost 0μs
5452414345:2013/09/04 01:14:25.76 3633105900  [tid:3735356135376166346265343163666365616566663964626266383333366163] hapgo.filter.init end cost 0μs
5452414345:2013/09/04 01:14:25.762 3633105900  [tid:3735356135376166346265343163666365616566663964626266383333366163] hapgo.filter.input end cost 0μs
5452414345:2013/09/04 01:15:02.504 3633118400  [tid:3735356135376166346265343163666365616566663964626266383333366163] hapgo.filter.init end cost 0μs
5452414345:2013/09/04 01:15:02.506 3633118400  [tid:3735356135376166346265343163666365616566663964626266383333366163] hapgo.filter.input end cost 0μs
5452414345:2013/09/04 01:15:17.083 3633104100  [tid:3735356135376166346265343163666365616566663964626266383333366163] hapgo.filter.init end cost 0μs
5452414345:2013/09/04 01:15:17.085 3633104100  [tid:3735356135376166346265343163666365616566663964626266383333366163] hapgo.filter.input end cost 0μs
5452414345:2013/09/04 01:15:34.081 3633103900  [tid:3735356135376166346265343163666365616566663964626266383333366163] hapgo.filter.init end cost 0μs
5452414345:2013/09/04 01:15:34.083 3633103900  [tid:3735356135376166346265343163666365616566663964626266383333366163] hapgo.filter.input end cost 0μs
5452414345:2013/09/04 01:20:01.192 3633304300  [tid:3735356135376166346265343163666365616566663964626266383333366163] hapgo.filter.init end cost 0μs
5452414345:2013/09/04 01:20:01.194 3633304300  [tid:3735356135376166346265343163666365616566663964626266383333366163] hapgo.filter.input end cost 0μs
5452414345:2013/09/04 01:20:22.016 3633305400  [tid:3735356135376166346265343163666365616566663964626266383333366163] hapgo.filter.init end cost 0μs
5452414345:2013/09/04 01:20:22.017 3633305400  [tid:3735356135376166346265343163666365616566663964626266383333366163] hapgo.filter.input end cost 0μs
5452414345:2013/09/04 01:20:42.654 3633295300  [tid:3735356135376166346265343163666365616566663964626266383333366163] hapgo.filter.init end cost 0μs
5452414345:2013/09/04 01:20:42.655 3633295300  [tid:3735356135376166346265343163666365616566663964626266383333366163] hapgo.filter.input end cost 0μs
5452414345:2013/09/04 01:21:40.152 3633292900  [tid:3735356135376166346265343163666365616566663964626266383333366163] hapgo.filter.init end cost 0μs
5452414345:2013/09/04 01:21:40.153 3633292900  [tid:3735356135376166346265343163666365616566663964626266383333366163] hapgo.filter.input end cost 0μs
5452414345:2013/09/04 01:21:51.48 3633291800  [tid:3735356135376166346265343163666365616566663964626266383333366163] hapgo.filter.init end cost 0μs
5452414345:2013/09/04 01:21:51.481 3633291800  [tid:3735356135376166346265343163666365616566663964626266383333366163] hapgo.filter.input end cost 0μs
5452414345:2013/09/04 01:24:09.177 3633101100  [tid:3735356135376166346265343163666365616566663964626266383333366163] hapgo.filter.init end cost 0μs
5452414345:2013/09/04 01:24:09.179 3633101100  [tid:3735356135376166346265343163666365616566663964626266383333366163] hapgo.filter.input end cost 0μs
5452414345:2013/09/04 01:24:42.629 3633115700  [tid:3735356135376166346265343163666365616566663964626266383333366163] hapgo.filter.init end cost 0μs
5452414345:2013/09/04 01:24:42.63 3633115700  [tid:3735356135376166346265343163666365616566663964626266383333366163] hapgo.filter.input end cost 0μs
5452414345:2013/09/04 01:25:42.704 3633100600  [tid:3735356135376166346265343163666365616566663964626266383333366163] hapgo.filter.init end cost 0μs
5452414345:2013/09/04 01:25:42.706 3633100600  [tid:3735356135376166346265343163666365616566663964626266383333366163] hapgo.filter.input end cost 0μs
5452414345:2013/09/04 01:28:06.288 3633155900  [tid:3735356135376166346265343163666365616566663964626266383333366163] hapgo.filter.init end cost 0μs
5452414345:2013/09/04 01:28:06.289 3633155900  [tid:3735356135376166346265343163666365616566663964626266383333366163] hapgo.filter.input end cost 0μs
5452414345:2013/09/04 01:29:29.744 3633184200  [tid:3735356135376166346265343163666365616566663964626266383333366163] hapgo.filter.init end cost 0μs
5452414345:2013/09/04 01:29:29.745 3633184200  [tid:3735356135376166346265343163666365616566663964626266383333366163] hapgo.filter.input end cost 0μs
5452414345:2013/09/04 01:34:27.153 3633097300  [tid:3735356135376166346265343163666365616566663964626266383333366163] hapgo.filter.init end cost 0μs
5452414345:2013/09/04 01:34:27.155 3633097300  [tid:3735356135376166346265343163666365616566663964626266383333366163] hapgo.filter.input end cost 0μs
5452414345:2013/09/04 01:36:11.2 3633095200  [tid:3735356135376166346265343163666365616566663964626266383333366163] hapgo.filter.init end cost 0μs
5452414345:2013/09/04 01:36:11.202 3633095200  [tid:3735356135376166346265343163666365616566663964626266383333366163] hapgo.filter.input end cost 0μs
5452414345:2013/09/04 01:36:56.782 3633085200  [tid:3735356135376166346265343163666365616566663964626266383333366163] hapgo.filter.init end cost 0μs
5452414345:2013/09/04 01:36:56.784 3633085200  [tid:3735356135376166346265343163666365616566663964626266383333366163] hapgo.filter.input end cost 0μs
5452414345:2013/09/04 01:37:57.784 3633033200  [tid:3735356135376166346265343163666365616566663964626266383333366163] hapgo.filter.init end cost 0μs
5452414345:2013/09/04 01:37:57.786 3633033200  [tid:3735356135376166346265343163666365616566663964626266383333366163] hapgo.filter.input end cost 0μs
5452414345:2013/09/04 01:37:57.787 3633033200  [tid:3735356135376166346265343163666365616566663964626266383333366163] hapgo.filter.url end cost 0μs
5452414345:2013/09/04 01:38:01.862 1254085700  [tid:3735356135376166346265343163666365616566663964626266383333366163] hapgo.filter.init end cost 0μs
5452414345:2013/09/04 01:38:01.862 1254085700  [tid:3735356135376166346265343163666365616566663964626266383333366163] hapgo.filter.input end cost 0μs
5452414345:2013/09/04 01:38:01.862 1254085700  [tid:3735356135376166346265343163666365616566663964626266383333366163] hapgo.filter.url end cost 0μs
5452414345:2013/09/04 01:38:09.023 2960164400  [tid:3735356135376166346265343163666365616566663964626266383333366163] hapgo.filter.init end cost 0μs
5452414345:2013/09/04 01:38:09.023 2960164400  [tid:3735356135376166346265343163666365616566663964626266383333366163] hapgo.filter.input end cost 0μs
5452414345:2013/09/04 02:05:47.096 3633634700  [tid:3735356135376166346265343163666365616566663964626266383333366163] hapgo.filter.init end cost 0μs
5452414345:2013/09/04 02:05:47.098 3633634700  [tid:3735356135376166346265343163666365616566663964626266383333366163] hapgo.filter.input end cost 0μs
5452414345:2013/09/04 02:07:12.376 3633609700  [tid:3735356135376166346265343163666365616566663964626266383333366163] hapgo.filter.init end cost 0μs
5452414345:2013/09/04 02:07:12.377 3633609700  [tid:3735356135376166346265343163666365616566663964626266383333366163] hapgo.filter.input end cost 0μs
5452414345:2013/09/04 02:08:55.929 3633706800  [tid:3735356135376166346265343163666365616566663964626266383333366163] hapgo.filter.init end cost 0μs
5452414345:2013/09/04 02:08:55.931 3633706800  [tid:3735356135376166346265343163666365616566663964626266383333366163] hapgo.filter.input end cost 0μs
5452414345:2013/09/04 02:09:43.488 3633695600  [tid:3735356135376166346265343163666365616566663964626266383333366163] hapgo.filter.init end cost 0μs
5452414345:2013/09/04 02:09:43.489 3633695600  [tid:3735356135376166346265343163666365616566663964626266383333366163] hapgo.filter.input end cost 0μs
5452414345:2013/09/04 02:43:26.04 3634312900  [tid:3735356135376166346265343163666365616566663964626266383333366163] hapgo.filter.init end cost 0μs
5452414345:2013/09/04 02:43:26.042 3634312900  [tid:3735356135376166346265343163666365616566663964626266383333366163] hapgo.filter.input end cost 0μs
5452414345:2013/09/04 02:45:54.929 3634168400  [tid:3735356135376166346265343163666365616566663964626266383333366163] hapgo.filter.init end cost 0μs
5452414345:2013/09/04 02:45:54.931 3634168400  [tid:3735356135376166346265343163666365616566663964626266383333366163] hapgo.filter.input end cost 0μs
5741524e:2013/09/04 02:45:54.931 3634168400  [tid:3735356135376166346265343163666365616566663964626266383333366163] methodNotFound methodName=Write
464154414c:2013/09/04 02:45:54.932 3634168400  [tid:3735356135376166346265343163666365616566663964626266383333366163] hapgo.webappFatal:hapgo.u_notfound
5452414345:2013/09/04 02:46:05.589 1250801900  [tid:3735356135376166346265343163666365616566663964626266383333366163] hapgo.filter.init end cost 0μs
5452414345:2013/09/04 02:46:05.589 1250801900  [tid:3735356135376166346265343163666365616566663964626266383333366163] hapgo.filter.input end cost 0μs
5452414345:2013/09/04 02:46:05.589 1250801900  [tid:3735356135376166346265343163666365616566663964626266383333366163] hapgo.filter.url end cost 0μs
5452414345:2013/09/04 02:46:08.62 2960255500  [tid:3735356135376166346265343163666365616566663964626266383333366163] hapgo.filter.init end cost 0μs
5452414345:2013/09/04 02:46:08.621 2960255500  [tid:3735356135376166346265343163666365616566663964626266383333366163] hapgo.filter.input end cost 0μs
5452414345:2013/09/04 02:46:08.621 2960255500  [tid:3735356135376166346265343163666365616566663964626266383333366163] hapgo.filter.url end cost 0μs
